<?xml version="1.0" encoding="UTF-8"?>
<!-- Generated by org.testng.reporters.JUnitReportReporter -->
<testsuite skipped="0" hostname="DESKTOP-N60QB27" name="Stripe.CreateCustomer" tests="1" failures="0" timestamp="07 Sep 2022 18:55:19 GMT" time="2.135" errors="0">
  <testcase name="createCustomer" time="2.135" classname="Stripe.CreateCustomer"/>
</testsuite> <!-- Stripe.CreateCustomer -->
