<?xml version="1.0" encoding="UTF-8"?>
<!-- Generated by org.testng.reporters.JUnitReportReporter -->
<testsuite skipped="0" hostname="DESKTOP-N60QB27" name="Stripe.Testing1" tests="1" failures="0" timestamp="07 Sep 2022 19:05:28 GMT" time="0.009" errors="0">
  <testcase name="login" time="0.009" classname="Stripe.Testing1"/>
</testsuite> <!-- Stripe.Testing1 -->
